0 info it worked if it ends with ok
1 verbose cli [ '/usr/local/bin/node',
1 verbose cli   '/usr/local/lib/node_modules/cnpm/node_modules/.bin/npm',
1 verbose cli   '--userconfig=/Users/zhengzhaowei/.cnpmrc',
1 verbose cli   '--disturl=https://npm.taobao.org/mirrors/node',
1 verbose cli   '--registry=https://registry.npm.taobao.org',
1 verbose cli   'publish' ]
2 info using npm@3.10.9
3 info using node@v10.12.0
4 verbose publish [ '.' ]
5 silly cache add args [ '.', null ]
6 verbose cache add spec .
7 silly cache add parsed spec Result {
7 silly cache add   raw: '.',
7 silly cache add   scope: null,
7 silly cache add   escapedName: null,
7 silly cache add   name: null,
7 silly cache add   rawSpec: '.',
7 silly cache add   spec:
7 silly cache add    '/Applications/XAMPP/xamppfiles/htdocs/sqline/ysv2/sixbee-material-ui',
7 silly cache add   type: 'directory' }
8 verbose addLocalDirectory /Users/zhengzhaowei/.npm/sixbee-material-ui/1.0.1/package.tgz not in flight; packing
9 verbose correctMkdir /Users/zhengzhaowei/.npm correctMkdir not in flight; initializing
10 info lifecycle sixbee-material-ui@1.0.1~prepublish: sixbee-material-ui@1.0.1
11 verbose lifecycle sixbee-material-ui@1.0.1~prepublish: unsafe-perm in lifecycle true
12 verbose lifecycle sixbee-material-ui@1.0.1~prepublish: PATH: /usr/local/lib/node_modules/cnpm/node_modules/npm/bin/node-gyp-bin:/Applications/XAMPP/xamppfiles/htdocs/sqline/ysv2/sixbee-material-ui/node_modules/.bin:/Applications/XAMPP/bin:/usr/local/bin:/usr/bin:/bin:/usr/sbin:/sbin
13 verbose lifecycle sixbee-material-ui@1.0.1~prepublish: CWD: /Applications/XAMPP/xamppfiles/htdocs/sqline/ysv2/sixbee-material-ui
14 silly lifecycle sixbee-material-ui@1.0.1~prepublish: Args: [ '-c', 'npm run build' ]
15 silly lifecycle sixbee-material-ui@1.0.1~prepublish: Returned: code: 0  signal: null
16 verbose tar pack [ '/Users/zhengzhaowei/.npm/sixbee-material-ui/1.0.1/package.tgz',
16 verbose tar pack   '/Applications/XAMPP/xamppfiles/htdocs/sqline/ysv2/sixbee-material-ui' ]
17 verbose tarball /Users/zhengzhaowei/.npm/sixbee-material-ui/1.0.1/package.tgz
18 verbose folder /Applications/XAMPP/xamppfiles/htdocs/sqline/ysv2/sixbee-material-ui
19 verbose addLocalTarball adding from inside cache /Users/zhengzhaowei/.npm/sixbee-material-ui/1.0.1/package.tgz
20 verbose correctMkdir /Users/zhengzhaowei/.npm correctMkdir not in flight; initializing
21 silly cache afterAdd sixbee-material-ui@1.0.1
22 verbose afterAdd /Users/zhengzhaowei/.npm/sixbee-material-ui/1.0.1/package/package.json not in flight; writing
23 verbose correctMkdir /Users/zhengzhaowei/.npm correctMkdir not in flight; initializing
24 verbose afterAdd /Users/zhengzhaowei/.npm/sixbee-material-ui/1.0.1/package/package.json written
25 silly publish { name: 'sixbee-material-ui',
25 silly publish   version: '1.0.1',
25 silly publish   description: 'model & view',
25 silly publish   author: { name: 'joey' },
25 silly publish   license: 'ISC',
25 silly publish   main: 'dist/index.js',
25 silly publish   scripts:
25 silly publish    { compile: 'babel -d dist/ src/ -w',
25 silly publish      build: 'babel -d dist/ src/',
25 silly publish      prepublish: 'npm run build',
25 silly publish      test: 'echo "Error: no test specified" && exit 1' },
25 silly publish   repository:
25 silly publish    { type: 'git',
25 silly publish      url: 'git+https://github.com/286499410/sixbee-meterial-ui.git' },
25 silly publish   devDependencies:
25 silly publish    { '@babel/runtime': '^7.3.1',
25 silly publish      assert: '^1.4.1',
25 silly publish      'babel-cli': '^6.23.0',
25 silly publish      'babel-plugin-transform-runtime': '^6.23.0',
25 silly publish      'babel-polyfill': '^6.26.0',
25 silly publish      'babel-preset-es2015': '^6.23.0',
25 silly publish      'babel-preset-react': '^6.23.0',
25 silly publish      'babel-preset-stage-2': '^6.23.0',
25 silly publish      lodash: '^4.17.11',
25 silly publish      mocha: '^5.2.0' },
25 silly publish   dependencies:
25 silly publish    { 'intl-locales-supported': '^1.0.0',
25 silly publish      'material-ui': '^0.20.2',
25 silly publish      'material-ui-persian-date-picker-utils': '^0.1.2',
25 silly publish      'react-calendar': '^2.18.1',
25 silly publish      'react-custom-scrollbars': '^4.2.1',
25 silly publish      'react-sortablejs': '^1.5.0',
25 silly publish      'react-swipeable-views': '^0.13.1',
25 silly publish      sortablejs: '^1.6.1' },
25 silly publish   peerDependencies: { react: '>=15', 'react-dom': '>=15', lodash: '>=4.17.0' },
25 silly publish   readme: '# sixbee-meterial-ui',
25 silly publish   readmeFilename: 'README.md',
25 silly publish   gitHead: '95c7451873ee5459fbcbaac49f0c8a8e2fdafa12',
25 silly publish   bugs:
25 silly publish    { url: 'https://github.com/286499410/sixbee-meterial-ui/issues' },
25 silly publish   homepage: 'https://github.com/286499410/sixbee-meterial-ui#readme',
25 silly publish   _id: 'sixbee-material-ui@1.0.1',
25 silly publish   _shasum: 'b079cd71d52021e6894a875928e8452905f11a46',
25 silly publish   _from: '.' }
26 verbose getPublishConfig undefined
27 silly mapToRegistry name sixbee-material-ui
28 silly mapToRegistry using default registry
29 silly mapToRegistry registry https://registry.npm.taobao.org/
30 silly mapToRegistry data Result {
30 silly mapToRegistry   raw: 'sixbee-material-ui',
30 silly mapToRegistry   scope: null,
30 silly mapToRegistry   escapedName: 'sixbee-material-ui',
30 silly mapToRegistry   name: 'sixbee-material-ui',
30 silly mapToRegistry   rawSpec: '',
30 silly mapToRegistry   spec: 'latest',
30 silly mapToRegistry   type: 'tag' }
31 silly mapToRegistry uri https://registry.npm.taobao.org/sixbee-material-ui
32 verbose publish registryBase https://registry.npm.taobao.org/
33 silly publish uploading /Users/zhengzhaowei/.npm/sixbee-material-ui/1.0.1/package.tgz
34 verbose request uri https://registry.npm.taobao.org/sixbee-material-ui
35 verbose request sending authorization for write operation
36 info attempt registry request try #1 at 15:56:54
37 verbose request id 203d665471743f8a
38 http request PUT https://registry.npm.taobao.org/sixbee-material-ui
39 http 403 https://registry.npm.taobao.org/sixbee-material-ui
40 verbose headers { date: 'Mon, 25 Mar 2019 07:56:54 GMT',
40 verbose headers   'content-type': 'application/json; charset=utf-8',
40 verbose headers   'transfer-encoding': 'chunked',
40 verbose headers   connection: 'keep-alive',
40 verbose headers   'x-current-requests': '1',
40 verbose headers   vary: 'Origin',
40 verbose headers   'x-readtime': '6',
40 verbose headers   'content-encoding': 'gzip' }
41 verbose request invalidating /Users/zhengzhaowei/.npm/registry.npm.taobao.org/sixbee-material-ui on PUT
42 error publish Failed PUT 403
43 verbose stack Error: no_perms Private mode enable, only admin can publish this module: sixbee-material-ui
43 verbose stack     at makeError (/usr/local/lib/node_modules/cnpm/node_modules/npm/node_modules/npm-registry-client/lib/request.js:302:12)
43 verbose stack     at CachingRegistryClient.<anonymous> (/usr/local/lib/node_modules/cnpm/node_modules/npm/node_modules/npm-registry-client/lib/request.js:290:14)
43 verbose stack     at Gunzip.cb (/usr/local/lib/node_modules/cnpm/node_modules/npm/node_modules/npm-registry-client/lib/request.js:216:7)
43 verbose stack     at Gunzip.zlibBufferOnEnd (zlib.js:123:10)
43 verbose stack     at Gunzip.emit (events.js:187:15)
43 verbose stack     at endReadableNT (_stream_readable.js:1094:12)
43 verbose stack     at process._tickCallback (internal/process/next_tick.js:63:19)
44 verbose statusCode 403
45 verbose pkgid sixbee-material-ui
46 verbose cwd /Applications/XAMPP/xamppfiles/htdocs/sqline/ysv2/sixbee-material-ui
47 error Darwin 16.7.0
48 error argv "/usr/local/bin/node" "/usr/local/lib/node_modules/cnpm/node_modules/.bin/npm" "--userconfig=/Users/zhengzhaowei/.cnpmrc" "--disturl=https://npm.taobao.org/mirrors/node" "--registry=https://registry.npm.taobao.org" "publish"
49 error node v10.12.0
50 error npm  v3.10.9
51 error code E403
52 error no_perms Private mode enable, only admin can publish this module: sixbee-material-ui
53 error If you need help, you may report this error at:
53 error     <https://github.com/npm/npm/issues>
54 verbose exit [ 1, true ]
